2024-08-19 17:57:51,387 - BrestCancer - INFO - Successfully read YAML file: /home/alrashidissa/Desktop/BreastCancer/config.yaml
2024-08-19 17:57:51,388 - __main__ - INFO - Downloading dataset...
2024-08-19 17:57:51,389 - BrestCancer.ingestdata - INFO - Starting download from https://drive.google.com/uc?/export=download&id=1gCvzRbsBtPT-u1LinpEesTfN5YkjzXNn
2024-08-19 17:57:55,380 - BrestCancer - INFO - File size: 0.00 MB
2024-08-19 17:57:55,380 - BrestCancer.ingestdata - INFO - Download completed. File size: File size: 0.00 MB
2024-08-19 17:57:55,381 - __main__ - INFO - Unzipping dataset...
2024-08-19 17:57:55,381 - src.BrestCancer.ingestdata - INFO - Starting extraction of /home/alrashidissa/Desktop/BreastCancer/Dataset/downloads/brestcancerset.zip to /home/alrashidissa/Desktop/BreastCancer/Dataset/extract
2024-08-19 17:57:55,396 - src.BrestCancer.ingestdata - INFO - Extraction completed successfully to /home/alrashidissa/Desktop/BreastCancer/Dataset/extract
2024-08-19 17:57:55,404 - __main__ - INFO - Ingesting dataset...
2024-08-19 17:57:55,453 - src.BrestCancer.ingestdata - INFO - Successfully ingested data from /home/alrashidissa/Desktop/BreastCancer/Dataset/extract/breast-cancer.csv
2024-08-19 17:57:55,454 - __main__ - INFO - Selecting features...
2024-08-19 17:57:55,476 - preprocess - INFO - Columns ['id'] dropped successfully
2024-08-19 17:57:55,478 - __main__ - INFO - Cleaning data...
2024-08-19 17:57:55,511 - preprocess - INFO - Removed 0 duplicate rows
2024-08-19 17:57:55,756 - preprocess - INFO - Removed 292 outlier rows using IQR method
2024-08-19 17:57:55,757 - preprocess - INFO - Data cleaning process completed successfully.
2024-08-19 17:57:55,758 - __main__ - INFO - Encoding data...
2024-08-19 17:57:55,763 - preprocess - INFO - Values replaced according to the provided dictionary.
2024-08-19 17:57:55,764 - __main__ - INFO - Splitting data...
2024-08-19 17:57:55,773 - __main__ - INFO - Training model...
2024-08-19 17:57:55,774 - Models - INFO - Gradient Boosting model initialized.
2024-08-19 17:57:57,203 - Models - INFO - Gradient Boosting model trained and saved to /home/alrashidissa/Desktop/BreastCancer/PreTrainModel.
2024-08-19 17:58:11,496 - BrestCancer - INFO - Successfully read YAML file: /home/alrashidissa/Desktop/BreastCancer/config.yaml
2024-08-19 17:58:11,497 - BrestCancer.ingestdata - INFO - Starting download from https://drive.google.com/uc?/export=download&id=1gCvzRbsBtPT-u1LinpEesTfN5YkjzXNn
2024-08-19 17:58:15,740 - BrestCancer - INFO - File size: 0.00 MB
2024-08-19 17:58:15,741 - BrestCancer.ingestdata - INFO - Download completed. File size: File size: 0.00 MB
2024-08-19 17:58:15,741 - src.BrestCancer.ingestdata - INFO - Starting extraction of /home/alrashidissa/Desktop/BreastCancer/Dataset/downloads/brestcancerset.zip to /home/alrashidissa/Desktop/BreastCancer/Dataset/extract
2024-08-19 17:58:15,761 - src.BrestCancer.ingestdata - INFO - Extraction completed successfully to /home/alrashidissa/Desktop/BreastCancer/Dataset/extract
2024-08-19 17:58:15,786 - src.BrestCancer.ingestdata - INFO - Successfully ingested data from /home/alrashidissa/Desktop/BreastCancer/Dataset/extract/breast-cancer.csv
2024-08-19 17:58:15,791 - preprocess - INFO - Columns ['id'] dropped successfully
2024-08-19 17:58:15,820 - preprocess - INFO - Removed 0 duplicate rows
2024-08-19 17:58:16,020 - preprocess - INFO - Removed 292 outlier rows using IQR method
2024-08-19 17:58:16,020 - preprocess - INFO - Data cleaning process completed successfully.
2024-08-19 17:58:16,028 - preprocess - INFO - Values replaced according to the provided dictionary.
2024-08-19 17:58:16,038 - Models - INFO - Gradient Boosting model initialized.
2024-08-19 17:58:16,985 - Models - INFO - Gradient Boosting model trained and saved to /home/alrashidissa/Desktop/BreastCancer/PreTrainModel.
2024-08-19 17:59:29,482 - BrestCancer - INFO - Successfully read YAML file: /home/alrashidissa/Desktop/BreastCancer/config.yaml
2024-08-19 17:59:29,484 - BrestCancer.ingestdata - INFO - Starting download from https://drive.google.com/uc?/export=download&id=1gCvzRbsBtPT-u1LinpEesTfN5YkjzXNn
2024-08-19 17:59:33,768 - BrestCancer - INFO - File size: 0.00 MB
2024-08-19 17:59:33,769 - BrestCancer.ingestdata - INFO - Download completed. File size: File size: 0.00 MB
2024-08-19 17:59:33,770 - src.BrestCancer.ingestdata - INFO - Starting extraction of /home/alrashidissa/Desktop/BreastCancer/Dataset/downloads/brestcancerset.zip to /home/alrashidissa/Desktop/BreastCancer/Dataset/extract
2024-08-19 17:59:33,780 - src.BrestCancer.ingestdata - INFO - Extraction completed successfully to /home/alrashidissa/Desktop/BreastCancer/Dataset/extract
2024-08-19 17:59:33,813 - src.BrestCancer.ingestdata - INFO - Successfully ingested data from /home/alrashidissa/Desktop/BreastCancer/Dataset/extract/breast-cancer.csv
2024-08-19 17:59:33,829 - preprocess - INFO - Columns ['id'] dropped successfully
2024-08-19 17:59:33,853 - preprocess - INFO - Removed 0 duplicate rows
2024-08-19 17:59:34,028 - preprocess - INFO - Removed 292 outlier rows using IQR method
2024-08-19 17:59:34,029 - preprocess - INFO - Data cleaning process completed successfully.
2024-08-19 17:59:34,031 - preprocess - INFO - Values replaced according to the provided dictionary.
2024-08-19 17:59:34,040 - Models - INFO - Gradient Boosting model initialized.
2024-08-19 17:59:34,923 - Models - INFO - Gradient Boosting model trained and saved to /home/alrashidissa/Desktop/BreastCancer/PreTrainModel.
2024-08-19 18:05:32,875 - BrestCancer - INFO - Successfully read YAML file: /home/alrashidissa/Desktop/BreastCancer/config.yaml
2024-08-19 18:06:09,996 - BrestCancer - INFO - Successfully read YAML file: /home/alrashidissa/Desktop/BreastCancer/config.yaml
2024-08-19 18:06:09,998 - BrestCancer.ingestdata - CRITICAL - An error occurred during the download: unsupported operand type(s) for /: 'str' and 'str'
2024-08-19 18:07:38,836 - BrestCancer - INFO - Successfully read YAML file: /home/alrashidissa/Desktop/BreastCancer/config.yaml
2024-08-19 18:07:38,838 - BrestCancer.ingestdata - INFO - Starting download from https://drive.google.com/uc?id=1gCvzRbsBtPT-u1LinpEesTfN5YkjzXNn
2024-08-19 18:07:43,259 - BrestCancer - INFO - File size: 0.05 MB
2024-08-19 18:07:43,260 - BrestCancer.ingestdata - INFO - Download completed. File size: File size: 0.05 MB
2024-08-19 18:07:43,260 - src.BrestCancer.ingestdata - INFO - Starting extraction of /home/alrashidissa/Desktop/BreastCancer/Dataset/downloads/brestcancerset.zip to /home/alrashidissa/Desktop/BreastCancer/Dataset/extract
2024-08-19 18:07:43,268 - src.BrestCancer.ingestdata - INFO - Extraction completed successfully to /home/alrashidissa/Desktop/BreastCancer/Dataset/extract
2024-08-19 18:07:43,298 - src.BrestCancer.ingestdata - INFO - Successfully ingested data from /home/alrashidissa/Desktop/BreastCancer/Dataset/extract/breast-cancer.csv
2024-08-19 18:07:43,313 - preprocess - INFO - Columns ['id'] dropped successfully
2024-08-19 18:07:43,348 - preprocess - INFO - Removed 0 duplicate rows
2024-08-19 18:07:43,562 - preprocess - INFO - Removed 292 outlier rows using IQR method
2024-08-19 18:07:43,563 - preprocess - INFO - Data cleaning process completed successfully.
2024-08-19 18:07:43,567 - preprocess - INFO - Values replaced according to the provided dictionary.
2024-08-19 18:07:43,578 - Models - INFO - Gradient Boosting model initialized.
2024-08-19 18:07:44,584 - Models - INFO - Gradient Boosting model trained and saved to /home/alrashidissa/Desktop/BreastCancer/PreTrainModel.
2024-08-19 18:08:34,131 - BrestCancer - INFO - Successfully read YAML file: /home/alrashidissa/Desktop/BreastCancer/config.yaml
2024-08-19 18:08:34,133 - BrestCancer.ingestdata - INFO - Starting download from https://drive.google.com/uc?id=1gCvzRbsBtPT-u1LinpEesTfN5YkjzXNn
2024-08-19 18:08:38,102 - BrestCancer - INFO - File size: 0.05 MB
2024-08-19 18:08:38,103 - BrestCancer.ingestdata - INFO - Download completed. File size: File size: 0.05 MB
2024-08-19 18:08:38,103 - src.BrestCancer.ingestdata - INFO - Starting extraction of /home/alrashidissa/Desktop/BreastCancer/Dataset/downloads/brestcancerset.zip to /home/alrashidissa/Desktop/BreastCancer/Dataset/extract
2024-08-19 18:08:38,113 - src.BrestCancer.ingestdata - INFO - Extraction completed successfully to /home/alrashidissa/Desktop/BreastCancer/Dataset/extract
2024-08-19 18:08:38,144 - src.BrestCancer.ingestdata - INFO - Successfully ingested data from /home/alrashidissa/Desktop/BreastCancer/Dataset/extract/breast-cancer.csv
2024-08-19 18:08:38,162 - preprocess - INFO - Columns ['id'] dropped successfully
2024-08-19 18:08:38,198 - preprocess - INFO - Removed 0 duplicate rows
2024-08-19 18:08:38,421 - preprocess - INFO - Removed 292 outlier rows using IQR method
2024-08-19 18:08:38,421 - preprocess - INFO - Data cleaning process completed successfully.
2024-08-19 18:08:38,432 - preprocess - INFO - Values replaced according to the provided dictionary.
2024-08-19 18:08:38,446 - Models - INFO - Gradient Boosting model initialized.
2024-08-19 18:08:39,609 - Models - INFO - Gradient Boosting model trained and saved to /home/alrashidissa/Desktop/BreastCancer/PreTrainModel.
