2024-08-22 18:44:55,659 - BrestCancer - INFO - Successfully read YAML file: /home/alrashidissa/Desktop/BreastCancer/ConfigrationYaml/config.yaml
2024-08-22 18:44:55,659 - BrestCancer - INFO - Configuration loaded from: /home/alrashidissa/Desktop/BreastCancer/ConfigrationYaml/config.yaml
2024-08-22 18:44:55,898 - BrestCancer - INFO - Starting Breast Cancer Pipeline...
2024-08-22 18:44:55,898 - BrestCancer - INFO - Starting download from https://drive.google.com/uc?id=1gCvzRbsBtPT-u1LinpEesTfN5YkjzXNn
2024-08-22 18:45:00,084 - BrestCancer - INFO - File size: 0.05 MB
2024-08-22 18:45:00,084 - BrestCancer - INFO - Download completed. File size: File size: 0.05 MB
2024-08-22 18:45:00,084 - BrestCancer - INFO - Data downloaded successfully.
2024-08-22 18:45:00,084 - BrestCancer - INFO - Starting extraction of /home/alrashidissa/Desktop/BreastCancer/Dataset/downloads/brestcancerset.zip to /home/alrashidissa/Desktop/BreastCancer/Dataset/extract
2024-08-22 18:45:00,093 - BrestCancer - INFO - Extraction completed successfully to /home/alrashidissa/Desktop/BreastCancer/Dataset/extract
2024-08-22 18:45:00,093 - BrestCancer - INFO - Data unzipped successfully.
2024-08-22 18:45:00,093 - BrestCancer - DEBUG - Starting Ingest Data From /home/alrashidissa/Desktop/BreastCancer/Dataset/extract/breast-cancer.csv
2024-08-22 18:45:00,113 - BrestCancer - INFO - Successfully ingested data from /home/alrashidissa/Desktop/BreastCancer/Dataset/extract/breast-cancer.csv
2024-08-22 18:45:02,391 - BrestCancer - INFO - Data ingested successfully.
2024-08-22 18:45:02,394 - BrestCancer - INFO - Columns ['id'] dropped successfully
2024-08-22 18:45:02,394 - BrestCancer - INFO - Feature selection completed.
2024-08-22 18:45:02,410 - BrestCancer - INFO - Removed 0 duplicate rows
2024-08-22 18:45:02,531 - BrestCancer - INFO - Removed 292 outlier rows using IQR method
2024-08-22 18:45:02,531 - BrestCancer - INFO - Data cleaning process completed successfully.
2024-08-22 18:45:02,532 - BrestCancer - INFO - Data cleaning completed.
2024-08-22 18:45:02,534 - BrestCancer - INFO - Values replaced according to the provided dictionary.
2024-08-22 18:45:02,535 - BrestCancer - INFO - Categorical encoding completed.
2024-08-22 18:45:02,543 - BrestCancer - DEBUG - Data split into training and testing sets.
2024-08-22 18:45:02,544 - BrestCancer - INFO - Data splitting completed.
2024-08-22 18:45:02,656 - BrestCancer - INFO - Gradient Boosting model selected.
2024-08-22 18:45:02,656 - BrestCancer - INFO - Gradient Boosting model initialized.
2024-08-22 18:45:03,499 - BrestCancer - INFO - Gradient Boosting model trained and saved to /home/alrashidissa/Desktop/BreastCancer/PreTrainModel.
2024-08-22 18:45:03,500 - BrestCancer - INFO - Model parameters extraction Saccessfully.
2024-08-22 18:45:15,836 - BrestCancer - INFO - Starting prediction process with model.
2024-08-22 18:45:15,836 - BrestCancer - DEBUG - Model loaded successfully. Attempting to make predictions.
2024-08-22 18:45:15,847 - BrestCancer - INFO - Model made predictions successfully.
2024-08-22 18:45:15,849 - BrestCancer - DEBUG - Predictions: [0 0 0 0 0 0 0 0 0 0 0 0 0 0 0 0 1 0 0 0 0 0 0 0 0 0 0 0 0 0 0 0 1 0 0 0 0
 0 0 0 0 0 0 0 0 0 0 1 0 0 0 0 0 0 0 0]
2024-08-22 18:45:15,906 - BrestCancer - INFO - Accuracy Model: 0.9285714285714286
2024-08-22 18:45:15,906 - BrestCancer - INFO - Precision Score: 0.9285714285714286
2024-08-22 18:45:15,907 - BrestCancer - INFO - Recall Score: 0.9285714285714286
2024-08-22 18:45:15,907 - BrestCancer - INFO - F1 Score: 0.9285714285714286
2024-08-22 18:45:15,907 - BrestCancer - INFO - ROC AUC: 0.6477987421383647
2024-08-22 18:45:15,907 - BrestCancer - INFO - Matthews Corrcoef: 0.29559748427672955
2024-08-22 18:45:15,908 - BrestCancer - INFO - Log Loss: 2.5745466706512254
2024-08-22 18:45:15,908 - BrestCancer - INFO - Metrics calculated successfully.
2024-08-22 19:48:03,192 - BrestCancer - INFO - Successfully read YAML file: /home/alrashidissa/Desktop/BreastCancer/ConfigrationYaml/config.yaml
2024-08-22 19:48:03,195 - BrestCancer - INFO - Configuration loaded from: /home/alrashidissa/Desktop/BreastCancer/ConfigrationYaml/config.yaml
2024-08-22 19:48:03,746 - BrestCancer - INFO - Starting Breast Cancer Pipeline...
2024-08-22 19:48:03,747 - BrestCancer - INFO - Starting download from https://drive.google.com/uc?id=1gCvzRbsBtPT-u1LinpEesTfN5YkjzXNn
2024-08-22 19:48:07,866 - BrestCancer - INFO - File size: 0.05 MB
2024-08-22 19:48:07,867 - BrestCancer - INFO - Download completed. File size: File size: 0.05 MB
2024-08-22 19:48:07,868 - BrestCancer - INFO - Data downloaded successfully.
2024-08-22 19:48:07,874 - BrestCancer - INFO - Starting extraction of /home/alrashidissa/Desktop/BreastCancer/Dataset/downloads/brestcancerset.zip to /home/alrashidissa/Desktop/BreastCancer/Dataset/extract
2024-08-22 19:48:07,895 - BrestCancer - INFO - Extraction completed successfully to /home/alrashidissa/Desktop/BreastCancer/Dataset/extract
2024-08-22 19:48:07,896 - BrestCancer - INFO - Data unzipped successfully.
2024-08-22 19:48:07,900 - BrestCancer - DEBUG - Starting Ingest Data From /home/alrashidissa/Desktop/BreastCancer/Dataset/extract/breast-cancer.csv
2024-08-22 19:48:07,957 - BrestCancer - INFO - Successfully ingested data from /home/alrashidissa/Desktop/BreastCancer/Dataset/extract/breast-cancer.csv
2024-08-22 19:48:12,471 - BrestCancer - INFO - Data ingested successfully.
2024-08-22 19:48:12,476 - BrestCancer - INFO - Columns ['id'] dropped successfully
2024-08-22 19:48:12,476 - BrestCancer - INFO - Feature selection completed.
2024-08-22 19:48:12,501 - BrestCancer - INFO - Removed 0 duplicate rows
2024-08-22 19:48:12,857 - BrestCancer - INFO - Removed 292 outlier rows using IQR method
2024-08-22 19:48:12,858 - BrestCancer - INFO - Data cleaning process completed successfully.
2024-08-22 19:48:12,858 - BrestCancer - INFO - Data cleaning completed.
2024-08-22 19:48:12,860 - BrestCancer - INFO - Values replaced according to the provided dictionary.
2024-08-22 19:48:12,861 - BrestCancer - INFO - Categorical encoding completed.
2024-08-22 19:48:12,872 - BrestCancer - DEBUG - Data split into training and testing sets.
2024-08-22 19:48:12,873 - BrestCancer - INFO - Data splitting completed.
2024-08-22 19:48:13,113 - BrestCancer - INFO - Gradient Boosting model selected.
2024-08-22 19:48:13,114 - BrestCancer - INFO - Gradient Boosting model initialized.
2024-08-22 19:48:14,710 - BrestCancer - INFO - Gradient Boosting model trained and saved to /home/alrashidissa/Desktop/BreastCancer/PreTrainModel.
2024-08-22 19:48:14,711 - BrestCancer - INFO - Model parameters extraction Saccessfully.
2024-08-22 19:48:34,897 - BrestCancer - INFO - Starting prediction process with model.
2024-08-22 19:48:34,898 - BrestCancer - DEBUG - Model loaded successfully. Attempting to make predictions.
2024-08-22 19:48:34,901 - BrestCancer - INFO - Model made predictions successfully.
2024-08-22 19:48:34,904 - BrestCancer - DEBUG - Predictions: [0 0 0 0 0 0 0 0 0 0 0 0 0 0 0 0 1 0 0 0 0 0 0 0 0 0 0 0 0 0 0 0 1 0 0 0 0
 0 0 0 0 0 0 0 0 0 0 1 0 0 0 0 0 0 0 0]
2024-08-22 19:48:35,035 - BrestCancer - INFO - Accuracy Model: 0.9285714285714286
2024-08-22 19:48:35,036 - BrestCancer - INFO - Precision Score: 0.9285714285714286
2024-08-22 19:48:35,046 - BrestCancer - INFO - Recall Score: 0.9285714285714286
2024-08-22 19:48:35,047 - BrestCancer - INFO - F1 Score: 0.9285714285714286
2024-08-22 19:48:35,048 - BrestCancer - INFO - ROC AUC: 0.6477987421383647
2024-08-22 19:48:35,049 - BrestCancer - INFO - Matthews Corrcoef: 0.29559748427672955
2024-08-22 19:48:35,049 - BrestCancer - INFO - Log Loss: 2.5745466706512254
2024-08-22 19:48:35,052 - BrestCancer - INFO - Metrics calculated successfully.
2024-08-23 03:55:18,120 - urllib3.connectionpool - WARNING - Retrying (Retry(total=4, connect=4, read=5, redirect=5, status=5)) after connection broken by 'NewConnectionError('<urllib3.connection.HTTPConnection object at 0x7e415978f710>: Failed to establish a new connection: [Errno 111] Connection refused')': /api/2.0/mlflow/experiments/get-by-name?experiment_name=MLflow+BreastCancer
2024-08-23 03:55:22,256 - urllib3.connectionpool - WARNING - Retrying (Retry(total=3, connect=3, read=5, redirect=5, status=5)) after connection broken by 'NewConnectionError('<urllib3.connection.HTTPConnection object at 0x7e415978eed0>: Failed to establish a new connection: [Errno 111] Connection refused')': /api/2.0/mlflow/experiments/get-by-name?experiment_name=MLflow+BreastCancer
2024-08-23 03:55:30,943 - urllib3.connectionpool - WARNING - Retrying (Retry(total=2, connect=2, read=5, redirect=5, status=5)) after connection broken by 'NewConnectionError('<urllib3.connection.HTTPConnection object at 0x7e41597c5d00>: Failed to establish a new connection: [Errno 111] Connection refused')': /api/2.0/mlflow/experiments/get-by-name?experiment_name=MLflow+BreastCancer
2024-08-23 03:55:47,872 - urllib3.connectionpool - WARNING - Retrying (Retry(total=1, connect=1, read=5, redirect=5, status=5)) after connection broken by 'NewConnectionError('<urllib3.connection.HTTPConnection object at 0x7e41597c5e80>: Failed to establish a new connection: [Errno 111] Connection refused')': /api/2.0/mlflow/experiments/get-by-name?experiment_name=MLflow+BreastCancer
2024-08-23 03:56:20,612 - urllib3.connectionpool - WARNING - Retrying (Retry(total=0, connect=0, read=5, redirect=5, status=5)) after connection broken by 'NewConnectionError('<urllib3.connection.HTTPConnection object at 0x7e41597c6000>: Failed to establish a new connection: [Errno 111] Connection refused')': /api/2.0/mlflow/experiments/get-by-name?experiment_name=MLflow+BreastCancer
2024-08-23 04:31:56,293 - urllib3.connectionpool - WARNING - Retrying (Retry(total=4, connect=4, read=5, redirect=5, status=5)) after connection broken by 'NewConnectionError('<urllib3.connection.HTTPConnection object at 0x7f4cf25cd430>: Failed to establish a new connection: [Errno 111] Connection refused')': /api/2.0/mlflow/experiments/get-by-name?experiment_name=MLflow+BreastCancer
2024-08-23 04:32:00,776 - urllib3.connectionpool - WARNING - Retrying (Retry(total=3, connect=3, read=5, redirect=5, status=5)) after connection broken by 'NewConnectionError('<urllib3.connection.HTTPConnection object at 0x7f4cf1b8a9f0>: Failed to establish a new connection: [Errno 111] Connection refused')': /api/2.0/mlflow/experiments/get-by-name?experiment_name=MLflow+BreastCancer
2024-08-23 04:32:08,833 - urllib3.connectionpool - WARNING - Retrying (Retry(total=2, connect=2, read=5, redirect=5, status=5)) after connection broken by 'NewConnectionError('<urllib3.connection.HTTPConnection object at 0x7f4cf1b8ab70>: Failed to establish a new connection: [Errno 111] Connection refused')': /api/2.0/mlflow/experiments/get-by-name?experiment_name=MLflow+BreastCancer
2024-08-23 04:37:05,246 - BrestCancer - INFO - Successfully read YAML file: /home/alrashidissa/Desktop/BreastCancer/ConfigrationYaml/config.yaml
2024-08-23 04:37:05,247 - BrestCancer - INFO - Configuration loaded from: /home/alrashidissa/Desktop/BreastCancer/ConfigrationYaml/config.yaml
2024-08-23 04:37:05,587 - BrestCancer - INFO - Starting Breast Cancer Pipeline...
2024-08-23 04:37:05,588 - BrestCancer - INFO - Starting download from https://drive.google.com/uc?id=1gCvzRbsBtPT-u1LinpEesTfN5YkjzXNn
2024-08-23 04:37:10,058 - BrestCancer - CRITICAL - An error occurred during the download: [Errno 2] No such file or directory: '/home/alrashidissa/Desktop/BreastCancer/Dataset/downloads'
2024-08-23 04:37:10,139 - BrestCancer - CRITICAL - Pipeline encountered an error: [Errno 2] No such file or directory: '/home/alrashidissa/Desktop/BreastCancer/Dataset/downloads'
2024-08-23 04:39:07,394 - BrestCancer - INFO - Successfully read YAML file: /home/alrashidissa/Desktop/BreastCancer/ConfigrationYaml/config.yaml
2024-08-23 04:39:07,394 - BrestCancer - INFO - Configuration loaded from: /home/alrashidissa/Desktop/BreastCancer/ConfigrationYaml/config.yaml
2024-08-23 04:39:07,602 - BrestCancer - INFO - Starting Breast Cancer Pipeline...
2024-08-23 04:39:07,603 - BrestCancer - INFO - Starting download from https://drive.google.com/uc?id=1gCvzRbsBtPT-u1LinpEesTfN5YkjzXNn
2024-08-23 04:39:11,697 - BrestCancer - CRITICAL - An error occurred during the download: [Errno 2] No such file or directory: '/home/alrashidissa/Desktop/BreastCancer/Dataset/downloads'
2024-08-23 04:39:11,754 - BrestCancer - CRITICAL - Pipeline encountered an error: [Errno 2] No such file or directory: '/home/alrashidissa/Desktop/BreastCancer/Dataset/downloads'
2024-08-23 04:39:55,816 - BrestCancer - INFO - Successfully read YAML file: /home/alrashidissa/Desktop/BreastCancer/ConfigrationYaml/config.yaml
2024-08-23 04:39:55,816 - BrestCancer - INFO - Configuration loaded from: /home/alrashidissa/Desktop/BreastCancer/ConfigrationYaml/config.yaml
2024-08-23 04:39:56,011 - BrestCancer - INFO - Starting Breast Cancer Pipeline...
2024-08-23 04:39:56,012 - BrestCancer - INFO - Starting download from https://drive.google.com/uc?id=1gCvzRbsBtPT-u1LinpEesTfN5YkjzXNn
2024-08-23 04:40:00,351 - BrestCancer - INFO - File size: 0.05 MB
2024-08-23 04:40:00,352 - BrestCancer - INFO - Download completed. File size: File size: 0.05 MB
2024-08-23 04:40:00,352 - BrestCancer - INFO - Data downloaded successfully.
2024-08-23 04:40:00,353 - BrestCancer - ERROR - The ZIP file does not exist or is not a file: /home/alrashidissa/Desktop/BreastCancer/Dataset/downloads/brestcancerset.zip
2024-08-23 04:40:00,353 - BrestCancer - ERROR - FileNotFoundError: ZIP file does not exist or is not a file: /home/alrashidissa/Desktop/BreastCancer/Dataset/downloads/brestcancerset.zip
2024-08-23 04:40:00,412 - BrestCancer - CRITICAL - Pipeline encountered an error: ZIP file does not exist or is not a file: /home/alrashidissa/Desktop/BreastCancer/Dataset/downloads/brestcancerset.zip
2024-08-23 04:40:54,106 - BrestCancer - INFO - Successfully read YAML file: /home/alrashidissa/Desktop/BreastCancer/ConfigrationYaml/config.yaml
2024-08-23 04:40:54,107 - BrestCancer - INFO - Configuration loaded from: /home/alrashidissa/Desktop/BreastCancer/ConfigrationYaml/config.yaml
2024-08-23 04:40:54,320 - BrestCancer - INFO - Starting Breast Cancer Pipeline...
2024-08-23 04:40:54,320 - BrestCancer - INFO - Starting download from https://drive.google.com/uc?id=1gCvzRbsBtPT-u1LinpEesTfN5YkjzXNn
2024-08-23 04:40:58,279 - BrestCancer - INFO - File size: 0.05 MB
2024-08-23 04:40:58,279 - BrestCancer - INFO - Download completed. File size: File size: 0.05 MB
2024-08-23 04:40:58,280 - BrestCancer - INFO - Data downloaded successfully.
2024-08-23 04:40:58,281 - BrestCancer - ERROR - The ZIP file does not exist or is not a file: /home/alrashidissa/Desktop/BreastCancer/Dataset/downloads/brestcancerset.zip
2024-08-23 04:40:58,282 - BrestCancer - ERROR - FileNotFoundError: ZIP file does not exist or is not a file: /home/alrashidissa/Desktop/BreastCancer/Dataset/downloads/brestcancerset.zip
2024-08-23 04:40:58,351 - BrestCancer - CRITICAL - Pipeline encountered an error: ZIP file does not exist or is not a file: /home/alrashidissa/Desktop/BreastCancer/Dataset/downloads/brestcancerset.zip
2024-08-23 04:43:37,134 - BrestCancer - INFO - Successfully read YAML file: /home/alrashidissa/Desktop/BreastCancer/ConfigrationYaml/config.yaml
2024-08-23 04:43:37,134 - BrestCancer - INFO - Configuration loaded from: /home/alrashidissa/Desktop/BreastCancer/ConfigrationYaml/config.yaml
2024-08-23 04:43:37,328 - BrestCancer - INFO - Starting Breast Cancer Pipeline...
2024-08-23 04:43:37,329 - BrestCancer - INFO - Starting download from https://drive.google.com/uc?id=1gCvzRbsBtPT-u1LinpEesTfN5YkjzXNn
2024-08-23 04:43:41,661 - BrestCancer - INFO - File size: 0.05 MB
2024-08-23 04:43:41,664 - BrestCancer - INFO - Download completed. File size: File size: 0.05 MB
2024-08-23 04:43:41,667 - BrestCancer - INFO - Data downloaded successfully.
2024-08-23 04:43:41,668 - BrestCancer - INFO - Starting extraction of /home/alrashidissa/Desktop/BreastCancer/Dataset/downloads/brestcancerset.zip to /home/alrashidissa/Desktop/BreastCancer/Dataset/extract
2024-08-23 04:43:41,683 - BrestCancer - INFO - Extraction completed successfully to /home/alrashidissa/Desktop/BreastCancer/Dataset/extract
2024-08-23 04:43:41,687 - BrestCancer - INFO - Data unzipped successfully.
2024-08-23 04:43:41,688 - BrestCancer - DEBUG - Starting Ingest Data From /home/alrashidissa/Desktop/BreastCancer/Dataset/extract/breast-cancer.csv
2024-08-23 04:43:41,736 - BrestCancer - INFO - Successfully ingested data from /home/alrashidissa/Desktop/BreastCancer/Dataset/extract/breast-cancer.csv
2024-08-23 04:43:44,317 - BrestCancer - INFO - Data ingested successfully.
2024-08-23 04:43:44,317 - BrestCancer - INFO - Loading data
2024-08-23 04:43:44,331 - BrestCancer - INFO - Dataset loaded successfully from /home/alrashidissa/Desktop/BreastCancer/Dataset/extract/breast-cancer.csv
2024-08-23 04:43:44,332 - BrestCancer - INFO - Inspecting data
2024-08-23 04:43:44,332 - BrestCancer - INFO - Inspecting dataset
2024-08-23 04:43:44,444 - BrestCancer - DEBUG - Shape of Dataset :         id diagnosis  radius_mean  texture_mean  ...  concavity_worst  concave points_worst  symmetry_worst  fractal_dimension_worst
0    842302         M        17.99         10.38  ...           0.7119                0.2654          0.4601                  0.11890
1    842517         M        20.57         17.77  ...           0.2416                0.1860          0.2750                  0.08902
2  84300903         M        19.69         21.25  ...           0.4504                0.2430          0.3613                  0.08758
3  84348301         M        11.42         20.38  ...           0.6869                0.2575          0.6638                  0.17300
4  84358402         M        20.29         14.34  ...           0.4000                0.1625          0.2364                  0.07678

[5 rows x 32 columns]
2024-08-23 04:43:44,602 - BrestCancer - DEBUG - First 5 Rows of the Dataset:
         id diagnosis  radius_mean  texture_mean  ...  concavity_worst  concave points_worst  symmetry_worst  fractal_dimension_worst
0    842302         M        17.99         10.38  ...           0.7119                0.2654          0.4601                  0.11890
1    842517         M        20.57         17.77  ...           0.2416                0.1860          0.2750                  0.08902
2  84300903         M        19.69         21.25  ...           0.4504                0.2430          0.3613                  0.08758
3  84348301         M        11.42         20.38  ...           0.6869                0.2575          0.6638                  0.17300
4  84358402         M        20.29         14.34  ...           0.4000                0.1625          0.2364                  0.07678

[5 rows x 32 columns]
2024-08-23 04:43:44,626 - BrestCancer - DEBUG - Data Info:
<class 'pandas.core.frame.DataFrame'>
RangeIndex: 569 entries, 0 to 568
Data columns (total 32 columns):
 #   Column                   Non-Null Count  Dtype  
---  ------                   --------------  -----  
 0   id                       569 non-null    int64  
 1   diagnosis                569 non-null    object 
 2   radius_mean              569 non-null    float64
 3   texture_mean             569 non-null    float64
 4   perimeter_mean           569 non-null    float64
 5   area_mean                569 non-null    float64
 6   smoothness_mean          569 non-null    float64
 7   compactness_mean         569 non-null    float64
 8   concavity_mean           569 non-null    float64
 9   concave points_mean      569 non-null    float64
 10  symmetry_mean            569 non-null    float64
 11  fractal_dimension_mean   569 non-null    float64
 12  radius_se                569 non-null    float64
 13  texture_se               569 non-null    float64
 14  perimeter_se             569 non-null    float64
 15  area_se                  569 non-null    float64
 16  smoothness_se            569 non-null    float64
 17  compactness_se           569 non-null    float64
 18  concavity_se             569 non-null    float64
 19  concave points_se        569 non-null    float64
 20  symmetry_se              569 non-null    float64
 21  fractal_dimension_se     569 non-null    float64
 22  radius_worst             569 non-null    float64
 23  texture_worst            569 non-null    float64
 24  perimeter_worst          569 non-null    float64
 25  area_worst               569 non-null    float64
 26  smoothness_worst         569 non-null    float64
 27  compactness_worst        569 non-null    float64
 28  concavity_worst          569 non-null    float64
 29  concave points_worst     569 non-null    float64
 30  symmetry_worst           569 non-null    float64
 31  fractal_dimension_worst  569 non-null    float64
dtypes: float64(30), int64(1), object(1)
memory usage: 142.4+ KB

2024-08-23 04:43:44,842 - BrestCancer - DEBUG - Statistical Summary:
                 id  radius_mean  texture_mean  perimeter_mean  ...  concavity_worst  concave points_worst  symmetry_worst  fractal_dimension_worst
count  5.690000e+02   569.000000    569.000000      569.000000  ...       569.000000            569.000000      569.000000               569.000000
mean   3.037183e+07    14.127292     19.289649       91.969033  ...         0.272188              0.114606        0.290076                 0.083946
std    1.250206e+08     3.524049      4.301036       24.298981  ...         0.208624              0.065732        0.061867                 0.018061
min    8.670000e+03     6.981000      9.710000       43.790000  ...         0.000000              0.000000        0.156500                 0.055040
25%    8.692180e+05    11.700000     16.170000       75.170000  ...         0.114500              0.064930        0.250400                 0.071460
50%    9.060240e+05    13.370000     18.840000       86.240000  ...         0.226700              0.099930        0.282200                 0.080040
75%    8.813129e+06    15.780000     21.800000      104.100000  ...         0.382900              0.161400        0.317900                 0.092080
max    9.113205e+08    28.110000     39.280000      188.500000  ...         1.252000              0.291000        0.663800                 0.207500

[8 rows x 31 columns]
2024-08-23 04:43:44,845 - BrestCancer - DEBUG - Missing Values in Each Column:
id                         0
diagnosis                  0
radius_mean                0
texture_mean               0
perimeter_mean             0
area_mean                  0
smoothness_mean            0
compactness_mean           0
concavity_mean             0
concave points_mean        0
symmetry_mean              0
fractal_dimension_mean     0
radius_se                  0
texture_se                 0
perimeter_se               0
area_se                    0
smoothness_se              0
compactness_se             0
concavity_se               0
concave points_se          0
symmetry_se                0
fractal_dimension_se       0
radius_worst               0
texture_worst              0
perimeter_worst            0
area_worst                 0
smoothness_worst           0
compactness_worst          0
concavity_worst            0
concave points_worst       0
symmetry_worst             0
fractal_dimension_worst    0
dtype: int64
2024-08-23 04:43:44,861 - BrestCancer - DEBUG - Number of Duplicate Rows: 0
2024-08-23 04:43:45,023 - BrestCancer - INFO - Starting analysis
2024-08-23 04:43:45,024 - BrestCancer - INFO - Analyzing target variable
2024-08-23 04:43:45,024 - BrestCancer - INFO - Visualizing distribution of target variable
2024-08-23 04:43:45,616 - BrestCancer - INFO - Plot saved as target_variable_distribution.png in /home/alrashidissa/Desktop/BreastCancer/Plots
2024-08-23 04:43:45,616 - BrestCancer - INFO - Analyzing feature distributions
2024-08-23 04:43:45,616 - BrestCancer - INFO - Visualizing distribution of selected features
2024-08-23 04:43:47,331 - BrestCancer - INFO - Plot saved as feature_distribution.png in /home/alrashidissa/Desktop/BreastCancer/Plots
2024-08-23 04:43:47,332 - BrestCancer - INFO - Analyzing correlation matrix
2024-08-23 04:43:47,332 - BrestCancer - INFO - Visualizing correlation matrix
2024-08-23 04:43:52,835 - BrestCancer - INFO - Plot saved as correlation_matrix.png in /home/alrashidissa/Desktop/BreastCancer/Plots
2024-08-23 04:43:52,836 - BrestCancer - INFO - Analyzing pairplot
2024-08-23 04:43:52,836 - BrestCancer - INFO - Visualizing pairplot of selected features
2024-08-23 04:44:14,246 - BrestCancer - INFO - Plot saved as pairplot.png in /home/alrashidissa/Desktop/BreastCancer/Plots
2024-08-23 04:44:14,247 - BrestCancer - INFO - Analyzing boxplots
2024-08-23 04:44:14,247 - BrestCancer - INFO - Visualizing boxplots of selected features
2024-08-23 04:44:17,305 - BrestCancer - INFO - Plot saved as boxplot.png in /home/alrashidissa/Desktop/BreastCancer/Plots
2024-08-23 04:44:17,721 - BrestCancer - INFO - Columns ['id'] dropped successfully
2024-08-23 04:44:17,722 - BrestCancer - INFO - Feature selection completed.
2024-08-23 04:44:17,745 - BrestCancer - INFO - Removed 0 duplicate rows
2024-08-23 04:44:17,923 - BrestCancer - INFO - Removed 292 outlier rows using IQR method
2024-08-23 04:44:17,924 - BrestCancer - INFO - Data cleaning process completed successfully.
2024-08-23 04:44:17,924 - BrestCancer - INFO - Data cleaning completed.
2024-08-23 04:44:17,926 - BrestCancer - INFO - Values replaced according to the provided dictionary.
2024-08-23 04:44:17,927 - BrestCancer - INFO - Categorical encoding completed.
2024-08-23 04:44:17,933 - BrestCancer - DEBUG - Data split into training and testing sets.
2024-08-23 04:44:17,934 - BrestCancer - INFO - Data splitting completed.
2024-08-23 04:44:18,044 - BrestCancer - INFO - Gradient Boosting model selected.
2024-08-23 04:44:18,045 - BrestCancer - INFO - Gradient Boosting model initialized.
2024-08-23 04:44:19,337 - BrestCancer - INFO - Gradient Boosting model trained and saved to /home/alrashidissa/Desktop/BreastCancer/PreTrainModel.
2024-08-23 04:44:19,337 - BrestCancer - INFO - Model parameters extraction Saccessfully.
2024-08-23 04:44:29,605 - BrestCancer - INFO - Starting prediction process with model.
2024-08-23 04:44:29,606 - BrestCancer - DEBUG - Model loaded successfully. Attempting to make predictions.
2024-08-23 04:44:29,610 - BrestCancer - INFO - Model made predictions successfully.
2024-08-23 04:44:29,612 - BrestCancer - DEBUG - Predictions: [0 0 0 0 0 0 0 0 0 0 0 0 0 0 0 0 1 0 0 0 0 0 0 0 0 0 0 0 0 0 0 0 1 0 0 0 0
 0 0 0 0 0 0 0 0 0 0 1 0 0 0 0 0 0 0 0]
2024-08-23 04:44:29,675 - BrestCancer - INFO - Accuracy Model: 0.9285714285714286
2024-08-23 04:44:29,676 - BrestCancer - INFO - Precision Score: 0.9285714285714286
2024-08-23 04:44:29,677 - BrestCancer - INFO - Recall Score: 0.9285714285714286
2024-08-23 04:44:29,677 - BrestCancer - INFO - F1 Score: 0.9285714285714286
2024-08-23 04:44:29,677 - BrestCancer - INFO - ROC AUC: 0.6477987421383647
2024-08-23 04:44:29,677 - BrestCancer - INFO - Matthews Corrcoef: 0.29559748427672955
2024-08-23 04:44:29,678 - BrestCancer - INFO - Log Loss: 2.5745466706512254
2024-08-23 04:44:29,678 - BrestCancer - INFO - Metrics calculated successfully.
